Type(2) [Map] {
  'version' => <BN: 0>,
  'methods' => Type(98) [
    [String (Text): 'account_nextIndex'] {
      __internal__override: null,
      registry: [TypeRegistry],
      initialU8aLength: 0
    },
    [String (Text): 'author_hasKey'] {
      __internal__override: null,
      registry: [TypeRegistry],
      initialU8aLength: 0
    },
    [String (Text): 'author_hasSessionKeys'] {
      __internal__override: null,
      registry: [TypeRegistry],
      initialU8aLength: 0
    },
    [String (Text): 'author_insertKey'] {
      __internal__override: null,
      registry: [TypeRegistry],
      initialU8aLength: 0
    },
    [String (Text): 'author_pendingExtrinsics'] {
      __internal__override: null,
      registry: [TypeRegistry],
      initialU8aLength: 0
    },
    [String (Text): 'author_removeExtrinsic'] {
      __internal__override: null,
      registry: [TypeRegistry],
      initialU8aLength: 0
    },
    [String (Text): 'author_rotateKeys'] {
      __internal__override: null,
      registry: [TypeRegistry],
      initialU8aLength: 0
    },
    [String (Text): 'author_submitAndWatchExtrinsic'] {
      __internal__override: null,
      registry: [TypeRegistry],
      initialU8aLength: 0
    },
    [String (Text): 'author_submitExtrinsic'] {
      __internal__override: null,
      registry: [TypeRegistry],
      initialU8aLength: 0
    },
    [String (Text): 'author_unwatchExtrinsic'] {
      __internal__override: null,
      registry: [TypeRegistry],
      initialU8aLength: 0
    },
    [String (Text): 'chainHead_unstable_body'] {
      __internal__override: null,
      registry: [TypeRegistry],
      initialU8aLength: 0
    },
    [String (Text): 'chainHead_unstable_call'] {
      __internal__override: null,
      registry: [TypeRegistry],
      initialU8aLength: 0
    },
    [String (Text): 'chainHead_unstable_follow'] {
      __internal__override: null,
      registry: [TypeRegistry],
      initialU8aLength: 0
    },
    [String (Text): 'chainHead_unstable_genesisHash'] {
      __internal__override: null,
      registry: [TypeRegistry],
      initialU8aLength: 0
    },
    [String (Text): 'chainHead_unstable_header'] {
      __internal__override: null,
      registry: [TypeRegistry],
      initialU8aLength: 0
    },
    [String (Text): 'chainHead_unstable_stopBody'] {
      __internal__override: null,
      registry: [TypeRegistry],
      initialU8aLength: 0
    },
    [String (Text): 'chainHead_unstable_stopCall'] {
      __internal__override: null,
      registry: [TypeRegistry],
      initialU8aLength: 0
    },
    [String (Text): 'chainHead_unstable_stopStorage'] {
      __internal__override: null,
      registry: [TypeRegistry],
      initialU8aLength: 0
    },
    [String (Text): 'chainHead_unstable_storage'] {
      __internal__override: null,
      registry: [TypeRegistry],
      initialU8aLength: 0
    },
    [String (Text): 'chainHead_unstable_unfollow'] {
      __internal__override: null,
      registry: [TypeRegistry],
      initialU8aLength: 0
    },
    [String (Text): 'chainHead_unstable_unpin'] {
      __internal__override: null,
      registry: [TypeRegistry],
      initialU8aLength: 0
    },
    [String (Text): 'chain_getBlock'] {
      __internal__override: null,
      registry: [TypeRegistry],
      initialU8aLength: 0
    },
    [String (Text): 'chain_getBlockHash'] {
      __internal__override: null,
      registry: [TypeRegistry],
      initialU8aLength: 0
    },
    [String (Text): 'chain_getFinalisedHead'] {
      __internal__override: null,
      registry: [TypeRegistry],
      initialU8aLength: 0
    },
    [String (Text): 'chain_getFinalizedHead'] {
      __internal__override: null,
      registry: [TypeRegistry],
      initialU8aLength: 0
    },
    [String (Text): 'chain_getHead'] {
      __internal__override: null,
      registry: [TypeRegistry],
      initialU8aLength: 0
    },
    [String (Text): 'chain_getHeader'] {
      __internal__override: null,
      registry: [TypeRegistry],
      initialU8aLength: 0
    },
    [String (Text): 'chain_getRuntimeVersion'] {
      __internal__override: null,
      registry: [TypeRegistry],
      initialU8aLength: 0
    },
    [String (Text): 'chain_subscribeAllHeads'] {
      __internal__override: null,
      registry: [TypeRegistry],
      initialU8aLength: 0
    },
    [String (Text): 'chain_subscribeFinalisedHeads'] {
      __internal__override: null,
      registry: [TypeRegistry],
      initialU8aLength: 0
    },
    [String (Text): 'chain_subscribeFinalizedHeads'] {
      __internal__override: null,
      registry: [TypeRegistry],
      initialU8aLength: 0
    },
    [String (Text): 'chain_subscribeNewHead'] {
      __internal__override: null,
      registry: [TypeRegistry],
      initialU8aLength: 0
    },
    [String (Text): 'chain_subscribeNewHeads'] {
      __internal__override: null,
      registry: [TypeRegistry],
      initialU8aLength: 0
    },
    [String (Text): 'chain_subscribeRuntimeVersion'] {
      __internal__override: null,
      registry: [TypeRegistry],
      initialU8aLength: 0
    },
    [String (Text): 'chain_unsubscribeAllHeads'] {
      __internal__override: null,
      registry: [TypeRegistry],
      initialU8aLength: 0
    },
    [String (Text): 'chain_unsubscribeFinalisedHeads'] {
      __internal__override: null,
      registry: [TypeRegistry],
      initialU8aLength: 0
    },
    [String (Text): 'chain_unsubscribeFinalizedHeads'] {
      __internal__override: null,
      registry: [TypeRegistry],
      initialU8aLength: 0
    },
    [String (Text): 'chain_unsubscribeNewHead'] {
      __internal__override: null,
      registry: [TypeRegistry],
      initialU8aLength: 0
    },
    [String (Text): 'chain_unsubscribeNewHeads'] {
      __internal__override: null,
      registry: [TypeRegistry],
      initialU8aLength: 0
    },
    [String (Text): 'chain_unsubscribeRuntimeVersion'] {
      __internal__override: null,
      registry: [TypeRegistry],
      initialU8aLength: 0
    },
    [String (Text): 'childstate_getKeys'] {
      __internal__override: null,
      registry: [TypeRegistry],
      initialU8aLength: 0
    },
    [String (Text): 'childstate_getKeysPaged'] {
      __internal__override: null,
      registry: [TypeRegistry],
      initialU8aLength: 0
    },
    [String (Text): 'childstate_getKeysPagedAt'] {
      __internal__override: null,
      registry: [TypeRegistry],
      initialU8aLength: 0
    },
    [String (Text): 'childstate_getStorage'] {
      __internal__override: null,
      registry: [TypeRegistry],
      initialU8aLength: 0
    },
    [String (Text): 'childstate_getStorageEntries'] {
      __internal__override: null,
      registry: [TypeRegistry],
      initialU8aLength: 0
    },
    [String (Text): 'childstate_getStorageHash'] {
      __internal__override: null,
      registry: [TypeRegistry],
      initialU8aLength: 0
    },
    [String (Text): 'childstate_getStorageSize'] {
      __internal__override: null,
      registry: [TypeRegistry],
      initialU8aLength: 0
    },
    [String (Text): 'offchain_localStorageGet'] {
      __internal__override: null,
      registry: [TypeRegistry],
      initialU8aLength: 0
    },
    [String (Text): 'offchain_localStorageSet'] {
      __internal__override: null,
      registry: [TypeRegistry],
      initialU8aLength: 0
    },
    [String (Text): 'payment_queryFeeDetails'] {
      __internal__override: null,
      registry: [TypeRegistry],
      initialU8aLength: 0
    },
    [String (Text): 'payment_queryInfo'] {
      __internal__override: null,
      registry: [TypeRegistry],
      initialU8aLength: 0
    },
    [String (Text): 'state_call'] {
      __internal__override: null,
      registry: [TypeRegistry],
      initialU8aLength: 0
    },
    [String (Text): 'state_callAt'] {
      __internal__override: null,
      registry: [TypeRegistry],
      initialU8aLength: 0
    },
    [String (Text): 'state_getChildReadProof'] {
      __internal__override: null,
      registry: [TypeRegistry],
      initialU8aLength: 0
    },
    [String (Text): 'state_getKeys'] {
      __internal__override: null,
      registry: [TypeRegistry],
      initialU8aLength: 0
    },
    [String (Text): 'state_getKeysPaged'] {
      __internal__override: null,
      registry: [TypeRegistry],
      initialU8aLength: 0
    },
    [String (Text): 'state_getKeysPagedAt'] {
      __internal__override: null,
      registry: [TypeRegistry],
      initialU8aLength: 0
    },
    [String (Text): 'state_getMetadata'] {
      __internal__override: null,
      registry: [TypeRegistry],
      initialU8aLength: 0
    },
    [String (Text): 'state_getPairs'] {
      __internal__override: null,
      registry: [TypeRegistry],
      initialU8aLength: 0
    },
    [String (Text): 'state_getReadProof'] {
      __internal__override: null,
      registry: [TypeRegistry],
      initialU8aLength: 0
    },
    [String (Text): 'state_getRuntimeVersion'] {
      __internal__override: null,
      registry: [TypeRegistry],
      initialU8aLength: 0
    },
    [String (Text): 'state_getStorage'] {
      __internal__override: null,
      registry: [TypeRegistry],
      initialU8aLength: 0
    },
    [String (Text): 'state_getStorageAt'] {
      __internal__override: null,
      registry: [TypeRegistry],
      initialU8aLength: 0
    },
    [String (Text): 'state_getStorageHash'] {
      __internal__override: null,
      registry: [TypeRegistry],
      initialU8aLength: 0
    },
    [String (Text): 'state_getStorageHashAt'] {
      __internal__override: null,
      registry: [TypeRegistry],
      initialU8aLength: 0
    },
    [String (Text): 'state_getStorageSize'] {
      __internal__override: null,
      registry: [TypeRegistry],
      initialU8aLength: 0
    },
    [String (Text): 'state_getStorageSizeAt'] {
      __internal__override: null,
      registry: [TypeRegistry],
      initialU8aLength: 0
    },
    [String (Text): 'state_queryStorage'] {
      __internal__override: null,
      registry: [TypeRegistry],
      initialU8aLength: 0
    },
    [String (Text): 'state_queryStorageAt'] {
      __internal__override: null,
      registry: [TypeRegistry],
      initialU8aLength: 0
    },
    [String (Text): 'state_subscribeRuntimeVersion'] {
      __internal__override: null,
      registry: [TypeRegistry],
      initialU8aLength: 0
    },
    [String (Text): 'state_subscribeStorage'] {
      __internal__override: null,
      registry: [TypeRegistry],
      initialU8aLength: 0
    },
    [String (Text): 'state_traceBlock'] {
      __internal__override: null,
      registry: [TypeRegistry],
      initialU8aLength: 0
    },
    [String (Text): 'state_unsubscribeRuntimeVersion'] {
      __internal__override: null,
      registry: [TypeRegistry],
      initialU8aLength: 0
    },
    [String (Text): 'state_unsubscribeStorage'] {
      __internal__override: null,
      registry: [TypeRegistry],
      initialU8aLength: 0
    },
    [String (Text): 'subscribe_newHead'] {
      __internal__override: null,
      registry: [TypeRegistry],
      initialU8aLength: 0
    },
    [String (Text): 'system_accountNextIndex'] {
      __internal__override: null,
      registry: [TypeRegistry],
      initialU8aLength: 0
    },
    [String (Text): 'system_addLogFilter'] {
      __internal__override: null,
      registry: [TypeRegistry],
      initialU8aLength: 0
    },
    [String (Text): 'system_addReservedPeer'] {
      __internal__override: null,
      registry: [TypeRegistry],
      initialU8aLength: 0
    },
    [String (Text): 'system_chain'] {
      __internal__override: null,
      registry: [TypeRegistry],
      initialU8aLength: 0
    },
    [String (Text): 'system_chainType'] {
      __internal__override: null,
      registry: [TypeRegistry],
      initialU8aLength: 0
    },
    [String (Text): 'system_dryRun'] {
      __internal__override: null,
      registry: [TypeRegistry],
      initialU8aLength: 0
    },
    [String (Text): 'system_dryRunAt'] {
      __internal__override: null,
      registry: [TypeRegistry],
      initialU8aLength: 0
    },
    [String (Text): 'system_health'] {
      __internal__override: null,
      registry: [TypeRegistry],
      initialU8aLength: 0
    },
    [String (Text): 'system_localListenAddresses'] {
      __internal__override: null,
      registry: [TypeRegistry],
      initialU8aLength: 0
    },
    [String (Text): 'system_localPeerId'] {
      __internal__override: null,
      registry: [TypeRegistry],
      initialU8aLength: 0
    },
    [String (Text): 'system_name'] {
      __internal__override: null,
      registry: [TypeRegistry],
      initialU8aLength: 0
    },
    [String (Text): 'system_nodeRoles'] {
      __internal__override: null,
      registry: [TypeRegistry],
      initialU8aLength: 0
    },
    [String (Text): 'system_peers'] {
      __internal__override: null,
      registry: [TypeRegistry],
      initialU8aLength: 0
    },
    [String (Text): 'system_properties'] {
      __internal__override: null,
      registry: [TypeRegistry],
      initialU8aLength: 0
    },
    [String (Text): 'system_removeReservedPeer'] {
      __internal__override: null,
      registry: [TypeRegistry],
      initialU8aLength: 0
    },
    [String (Text): 'system_reservedPeers'] {
      __internal__override: null,
      registry: [TypeRegistry],
      initialU8aLength: 0
    },
    [String (Text): 'system_resetLogFilter'] {
      __internal__override: null,
      registry: [TypeRegistry],
      initialU8aLength: 0
    },
    [String (Text): 'system_syncState'] {
      __internal__override: null,
      registry: [TypeRegistry],
      initialU8aLength: 0
    },
    [String (Text): 'system_unstable_networkState'] {
      __internal__override: null,
      registry: [TypeRegistry],
      initialU8aLength: 0
    },
    [String (Text): 'system_version'] {
      __internal__override: null,
      registry: [TypeRegistry],
      initialU8aLength: 0
    },
    [String (Text): 'transaction_unstable_submitAndWatch'] {
      __internal__override: null,
      registry: [TypeRegistry],
      initialU8aLength: 0
    },
    [String (Text): 'transaction_unstable_unwatch'] {
      __internal__override: null,
      registry: [TypeRegistry],
      initialU8aLength: 0
    },
    [String (Text): 'unsubscribe_newHead'] {
      __internal__override: null,
      registry: [TypeRegistry],
      initialU8aLength: 0
    },
    registry: TypeRegistry {
      __internal__classes: [Map],
      __internal__definitions: [Map],
      __internal__firstCallIndex: [Uint8Array],
      __internal__hasher: [Function: blake2AsU8a],
      __internal__knownTypes: [Object],
      __internal__metadataVersion: 14,
      __internal__signedExtensions: [Array],
      __internal__unknownTypes: Map(0) {},
      __internal__metadataCalls: [Object],
      __internal__metadataErrors: [Object],
      __internal__metadataEvents: [Object],
      __internal__moduleMap: [Object],
      __internal__registerObject: [Function (anonymous)],
      __internal__registerLookup: [Function (anonymous)],
      __internal__knownDefaults: [Object],
      __internal__knownDefaultsEntries: [Array],
      __internal__knownDefinitions: [Object],
      __internal__chainProperties: [Type [Map]],
      __internal__metadata: [Type [Map]],
      __internal__lookup: [PortableRegistry [Map]],
      __internal__userExtensions: {}
    },
    __internal__Type: [class Text extends String],
    initialU8aLength: 0
  ],
  initialU8aLength: 0,
  registry: <ref *1> TypeRegistry {
    __internal__classes: Map(44) {
      '{"lookup":"PortableRegistry","pallets":"Vec<PalletMetadataV15>","extrinsic":"ExtrinsicMetadataV14","type":"SiLookupTypeId","apis":"Vec<RuntimeApiMetadataV15>"}' => [class Type extends _a],
      'MetadataV15' => [class Type extends Type],
      'Vec<PalletMetadataV15>' => [class Type],
      '{"type":"SiLookupTypeId","version":"u8","signedExtensions":"Vec<SignedExtensionMetadataV14>"}' => [class Type extends _a],
      'ExtrinsicMetadataV14' => [class Type extends Type],
      'Compact<u32>' => [class Type],
      'Si1LookupTypeId' => [class Type extends Type],
      'SiLookupTypeId' => [class Type extends Type],
      'Vec<RuntimeApiMetadataV15>' => [class Type],
      '{"refTime":"Compact<u64>","proofSize":"Compact<u64>"}' => [class Type extends _a],
      'Lookup9' => [class Type extends _a],
      'SpWeightsWeightV2Weight' => [class Type extends Type],
      'Compact<u64>' => [class Type],
      'ChainProperties' => [class Type extends GenericChainProperties],
      'Option<u32>' => [class Type],
      'Option<Vec<u32>>' => [class Type],
      'Vec<u32>' => [class Type],
      'Option<Vec<Text>>' => [class Type],
      'Vec<Text>' => [class Type],
      'Extrinsic' => [class Type extends GenericExtrinsic],
      '{"_enum":["Optional","Default","Required"]}' => [class Type extends _a],
      'StorageEntryModifierV9' => [class Type extends Type],
      'StorageEntryModifierV10' => [class Type extends Type],
      'StorageEntryModifierV11' => [class Type extends Type],
      'StorageEntryModifierV12' => [class Type extends Type],
      'StorageEntryModifierV13' => [class Type extends Type],
      'StorageEntryModifierV14' => [class Type extends Type],
      'StorageEntryModifierLatest' => [class Type extends Type],
      '{"_enum":{"Plain":"SiLookupTypeId","Map":{"hashers":"Vec<StorageHasherV14>","key":"SiLookupTypeId","value":"SiLookupTypeId"}}}' => [class Type extends _a],
      'StorageEntryTypeV14' => [class Type extends Type],
      'StorageEntryTypeLatest' => [class Type extends Type],
      '{"hashers":"Vec<StorageHasherV14>","key":"SiLookupTypeId","value":"SiLookupTypeId"}' => [class Type extends _a],
      '{"name":"Text","modifier":"StorageEntryModifierV14","type":"StorageEntryTypeV14","fallback":"Bytes","docs":"Vec<Text>"}' => [class Type extends _a],
      'StorageEntryMetadataV14' => [class Type extends Type],
      'StorageEntryMetadataLatest' => [class Type extends Type],
      '{"specName":"Text","implName":"Text","authoringVersion":"u32","specVersion":"u32","implVersion":"u32","apis":"Vec<RuntimeVersionApi>","transactionVersion":"u32","stateVersion":"u8"}' => [class Type extends _a],
      'RuntimeVersion' => [class Type extends Type],
      'Vec<RuntimeVersionApi>' => [class Type],
      '(ApiId,u32)' => [class Type],
      'RuntimeVersionApi' => [class Type extends Type],
      '[u8;8]' => [class Type],
      'ApiId' => [class Type extends Type],
      '{"version":"u32","methods":"Vec<Text>"}' => [class Type extends _a],
      'RpcMethods' => [class Type extends Type]
    },
    __internal__definitions: Map(1193) {
      'AssetApprovalKey' => '{"owner":"AccountId","delegate":"AccountId"}',
      'AssetApproval' => '{"amount":"TAssetBalance","deposit":"TAssetDepositBalance"}',
      'AssetBalance' => '{"balance":"TAssetBalance","isFrozen":"bool","isSufficient":"bool"}',
      'AssetDestroyWitness' => '{"accounts":"Compact<u32>","sufficients":"Compact<u32>","approvals":"Compact<u32>"}',
      'AssetDetails' => '{"owner":"AccountId","issuer":"AccountId","admin":"AccountId","freezer":"AccountId","supply":"TAssetBalance","deposit":"TAssetDepositBalance","minBalance":"TAssetBalance","isSufficient":"bool","accounts":"u32","sufficients":"u32","approvals":"u32","isFrozen":"bool"}',
      'AssetMetadata' => '{"deposit":"TAssetDepositBalance","name":"Vec<u8>","symbol":"Vec<u8>","decimals":"u8","isFrozen":"bool"}',
      'TAssetBalance' => 'u64',
      'TAssetDepositBalance' => 'BalanceOf',
      'RawAuraPreDigest' => '{"slotNumber":"u64"}',
      'UncleEntryItem' => '{"_enum":{"InclusionHeight":"BlockNumber","Uncle":"(Hash, Option<AccountId>)"}}',
      'AllowedSlots' => '{"_enum":["PrimarySlots","PrimaryAndSecondaryPlainSlots","PrimaryAndSecondaryVRFSlots"]}',
      'BabeAuthorityWeight' => 'u64',
      'BabeEpochConfiguration' => '{"c":"(u64, u64)","allowedSlots":"AllowedSlots"}',
      'BabeBlockWeight' => 'u32',
      'BabeEquivocationProof' => '{"offender":"AuthorityId","slotNumber":"SlotNumber","firstHeader":"Header","secondHeader":"Header"}',
      'BabeGenesisConfiguration' => '{"slotDuration":"u64","epochLength":"u64","c":"(u64, u64)","genesisAuthorities":"Vec<(AuthorityId, BabeAuthorityWeight)>","randomness":"Randomness","allowedSlots":"AllowedSlots"}',
      'BabeGenesisConfigurationV1' => '{"slotDuration":"u64","epochLength":"u64","c":"(u64, u64)","genesisAuthorities":"Vec<(AuthorityId, BabeAuthorityWeight)>","randomness":"Randomness","secondarySlots":"bool"}',
      'BabeWeight' => 'u64',
      'MaybeRandomness' => 'Option<Randomness>',
      'MaybeVrf' => 'Option<VrfData>',
      'Epoch' => '{"epochIndex":"u64","startSlot":"Slot","duration":"u64","authorities":"Vec<(AuthorityId, BabeAuthorityWeight)>","randomness":"Hash","config":"BabeEpochConfiguration"}',
      'EpochAuthorship' => '{"primary":"Vec<u64>","secondary":"Vec<u64>","secondary_vrf":"Vec<u64>"}',
      'NextConfigDescriptor' => '{"_enum":{"V0":"Null","V1":"NextConfigDescriptorV1"}}',
      'NextConfigDescriptorV1' => '{"c":"(u64, u64)","allowedSlots":"AllowedSlots"}',
      'OpaqueKeyOwnershipProof' => 'Bytes',
      'Randomness' => 'Hash',
      'RawBabePreDigest' => '{"_enum":{"Phantom":"Null","Primary":"RawBabePreDigestPrimary","SecondaryPlain":"RawBabePreDigestSecondaryPlain","SecondaryVRF":"RawBabePreDigestSecondaryVRF"}}',
      'RawBabePreDigestPrimary' => '{"authorityIndex":"u32","slotNumber":"SlotNumber","vrfOutput":"VrfOutput","vrfProof":"VrfProof"}',
      'RawBabePreDigestSecondaryPlain' => '{"authorityIndex":"u32","slotNumber":"SlotNumber"}',
      'RawBabePreDigestSecondaryVRF' => '{"authorityIndex":"u32","slotNumber":"SlotNumber","vrfOutput":"VrfOutput","vrfProof":"VrfProof"}',
      'RawBabePreDigestTo159' => '{"_enum":{"Primary":"RawBabePreDigestPrimaryTo159","Secondary":"RawBabePreDigestSecondaryTo159"}}',
      'RawBabePreDigestPrimaryTo159' => '{"authorityIndex":"u32","slotNumber":"SlotNumber","weight":"BabeBlockWeight","vrfOutput":"VrfOutput","vrfProof":"VrfProof"}',
      'RawBabePreDigestSecondaryTo159' => '{"authorityIndex":"u32","slotNumber":"SlotNumber","weight":"BabeBlockWeight"}',
      'RawBabePreDigestCompat' => '{"_enum":{"Zero":"u32","One":"u32","Two":"u32","Three":"u32"}}',
      'SlotNumber' => 'u64',
      'VrfData' => '[u8; 32]',
      'VrfOutput' => '[u8; 32]',
      'VrfProof' => '[u8; 64]',
      'AccountData' => '{"free":"Balance","reserved":"Balance","miscFrozen":"Balance","feeFrozen":"Balance"}',
      'BalanceLockTo212' => '{"id":"LockIdentifier","amount":"Balance","until":"BlockNumber","reasons":"WithdrawReasons"}',
      'BalanceLock' => '{"id":"LockIdentifier","amount":"Balance","reasons":"Reasons"}',
      'BalanceStatus' => '{"_enum":["Free","Reserved"]}',
      'Reasons' => '{"_enum":["Fee","Misc","All"]}',
      'ReserveData' => '{"id":"ReserveIdentifier","amount":"Balance"}',
      'ReserveIdentifier' => '[u8; 8]',
      'VestingSchedule' => '{"offset":"Balance","perBlock":"Balance","startingBlock":"BlockNumber"}',
      'WithdrawReasons' => '{"_set":{"TransactionPayment":1,"Transfer":2,"Reserve":4,"Fee":8,"Tip":16}}',
      'BeefyAuthoritySet' => '{"id":"u64","len":"u32","root":"H256"}',
      'BeefyCommitment' => '{"payload":"BeefyPayload","blockNumber":"BlockNumber","validatorSetId":"ValidatorSetId"}',
      'BeefyId' => '[u8; 33]',
      'BeefyEquivocationProof' => '{"first":"BeefyVoteMessage","second":"BeefyVoteMessage"}',
      'BeefySignedCommitment' => '{"commitment":"BeefyCommitment","signatures":"Vec<Option<EcdsaSignature>>"}',
      'BeefyNextAuthoritySet' => '{"id":"u64","len":"u32","root":"H256"}',
      'BeefyPayload' => 'Vec<(BeefyPayloadId, Bytes)>',
      'BeefyPayloadId' => '[u8;2]',
      'BeefyVoteMessage' => '{"commitment":"BeefyCommitment","id":"AuthorityId","signature":"Signature"}',
      'MmrRootHash' => 'H256',
      'ValidatorSetId' => 'u64',
      'ValidatorSet' => '{"validators":"Vec<AuthorityId>","id":"ValidatorSetId"}',
      'BenchmarkBatch' => '{"pallet":"Text","instance":"Text","benchmark":"Text","results":"Vec<BenchmarkResult>"}',
      'BenchmarkConfig' => '{"pallet":"Bytes","benchmark":"Bytes","selectedComponents":"Vec<(BenchmarkParameter, u32)>","verify":"bool","internalRepeats":"u32"}',
      'BenchmarkList' => '{"pallet":"Bytes","instance":"Bytes","benchmarks":"Vec<BenchmarkMetadata>"}',
      'BenchmarkMetadata' => '{"name":"Bytes","components":"Vec<(BenchmarkParameter, u32, u32)>"}',
      'BenchmarkParameter' => '{"_enum":["a","b","c","d","e","f","g","h","i","j","k","l","m","n","o","p","q","r","s","t","u","v","w","x","y","z"]}',
      'BenchmarkResult' => '{"components":"Vec<(BenchmarkParameter, u32)>","extrinsicTime":"u128","storageRootTime":"u128","reads":"u32","repeatReads":"u32","writes":"u32","repeatWrites":"u32","proofSize":"u32","benchKeys":"Vec<(Vec<u8>, u32, u32, bool)>"}',
      'CheckInherentsResult' => '{"okay":"bool","fatalError":"bool","errors":"InherentData"}',
      'InherentData' => '{"data":"BTreeMap<InherentIdentifier, Bytes>"}',
      'InherentIdentifier' => '[u8; 8]',
      'CollectiveOrigin' => '{"_enum":{"Members":"(MemberCount, MemberCount)","Member":"AccountId"}}',
      'MemberCount' => 'u32',
      'ProposalIndex' => 'u32',
      'VotesTo230' => '{"index":"ProposalIndex","threshold":"MemberCount","ayes":"Vec<AccountId>","nays":"Vec<AccountId>"}',
      'Votes' => '{"index":"ProposalIndex","threshold":"MemberCount","ayes":"Vec<AccountId>","nays":"Vec<AccountId>","end":"BlockNumber"}',
      'AuthorityId' => 'AccountId',
      'RawVRFOutput' => '[u8; 32]',
      'AliveContractInfo' => '{"trieId":"TrieId","storageSize":"u32","pairCount":"u32","codeHash":"CodeHash","rentAllowance":"Balance","rentPaid":"Balance","deductBlock":"BlockNumber","lastWrite":"Option<BlockNumber>","_reserved":"Option<Null>"}',
      'CodeHash' => 'Hash',
      'CodeSource' => '{"_enum":{"Upload":"Bytes","Existing":"Hash"}}',
      'CodeUploadRequest' => '{"origin":"AccountId","code":"Bytes","storageDepositLimit":"Option<Balance>"}',
      'CodeUploadResult' => 'Result<CodeUploadResultValue, DispatchError>',
      'CodeUploadResultValue' => '{"codeHash":"CodeHash","deposit":"Balance"}',
      'ContractCallRequest' => '{"origin":"AccountId","dest":"AccountId","value":"Balance","gasLimit":"u64","storageDepositLimit":"Option<Balance>","inputData":"Bytes"}',
      'ContractExecResultSuccessTo255' => '{"status":"u8","data":"Raw"}',
      'ContractExecResultTo255' => '{"_enum":{"Success":"ContractExecResultSuccessTo255","Error":"Null"}}',
      'ContractExecResultSuccessTo260' => '{"flags":"ContractReturnFlags","data":"Bytes","gasConsumed":"u64"}',
      'ContractExecResultTo260' => '{"_enum":{"Success":"ContractExecResultSuccessTo260","Error":"Null"}}',
      'ContractExecResultOk' => '{"flags":"ContractReturnFlags","data":"Bytes"}',
      'ContractExecResultResult' => 'Result<ContractExecResultOk, DispatchError>',
      'ContractExecResultTo267' => '{"gasConsumed":"u64","debugMessage":"Text","result":"ContractExecResultResult"}',
      'ContractExecResult' => '{"gasConsumed":"Weight","gasRequired":"Weight","storageDeposit":"StorageDeposit","debugMessage":"Text","result":"ContractExecResultResult"}',
      'ContractExecResultU64' => '{"gasConsumed":"u64","gasRequired":"u64","storageDeposit":"StorageDeposit","debugMessage":"Text","result":"ContractExecResultResult"}',
      'ContractInfo' => '{"_enum":{"Alive":"AliveContractInfo","Tombstone":"TombstoneContractInfo"}}',
      'ContractCallFlags' => '{"_set":{"_bitLength":32,"ForwardInput":1,"CloneInput":2,"TailCall":4,"AllowReentry":8}}',
      'ContractReturnFlags' => '{"_set":{"_bitLength":32,"Revert":1}}',
      'ContractStorageKey' => '[u8; 32]',
      'DeletedContract' => '{"pairCount":"u32","trieId":"TrieId"}',
      'ExecReturnValue' => '{"flags":"ContractReturnFlags","data":"Bytes"}',
      'Gas' => 'u64',
      'HostFnWeightsTo264' => '{"caller":"Weight","address":"Weight","gasLeft":"Weight","balance":"Weight","valueTransferred":"Weight","minimumBalance":"Weight","tombstoneDeposit":"Weight","rentAllowance":"Weight","blockNumber":"Weight","now":"Weight","weightToFee":"Weight","gas":"Weight","input":"Weight","inputPerByte":"Weight","return":"Weight","returnPerByte":"Weight","terminate":"Weight","restoreTo":"Weight","restoreToPerDelta":"Weight","random":"Weight","depositEvent":"Weight","depositEventPerTopic":"Weight","depositEventPerByte":"Weight","setRentAllowance":"Weight","setStorage":"Weight","setStoragePerByte":"Weight","clearStorage":"Weight","getStorage":"Weight","getStoragePerByte":"Weight","transfer":"Weight","call":"Weight","callTransferSurcharge":"Weight","callPerInputByte":"Weight","callPerOutputByte":"Weight","instantiate":"Weight","instantiatePerInputByte":"Weight","instantiatePerOutputByte":"Weight","hashSha2256":"Weight","hashSha2256PerByte":"Weight","hashKeccak256":"Weight","hashKeccak256PerByte":"Weight","hashBlake2256":"Weight","hashBlake2256PerByte":"Weight","hashBlake2128":"Weight","hashBlake2128PerByte":"Weight"}',
      'HostFnWeights' => '{"caller":"Weight","address":"Weight","gasLeft":"Weight","balance":"Weight","valueTransferred":"Weight","minimumBalance":"Weight","tombstoneDeposit":"Weight","rentAllowance":"Weight","blockNumber":"Weight","now":"Weight","weightToFee":"Weight","gas":"Weight","input":"Weight","inputPerByte":"Weight","return":"Weight","returnPerByte":"Weight","terminate":"Weight","terminatePerCodeByte":"Weight","restoreTo":"Weight","restoreToPerCallerCodeByte":"Weight","restoreToPerTombstoneCodeByte":"Weight","restoreToPerDelta":"Weight","random":"Weight","depositEvent":"Weight","depositEventPerTopic":"Weight","depositEventPerByte":"Weight","setRentAllowance":"Weight","setStorage":"Weight","setStoragePerByte":"Weight","clearStorage":"Weight","getStorage":"Weight","getStoragePerByte":"Weight","transfer":"Weight","call":"Weight","callPerCodeByte":"Weight","callTransferSurcharge":"Weight","callPerInputByte":"Weight","callPerOutputByte":"Weight","instantiate":"Weight","instantiatePerCodeByte":"Weight","instantiatePerInputByte":"Weight","instantiatePerOutputByte":"Weight","instantiatePerSaltByte":"Weight","hashSha2256":"Weight","hashSha2256PerByte":"Weight","hashKeccak256":"Weight","hashKeccak256PerByte":"Weight","hashBlake2256":"Weight","hashBlake2256PerByte":"Weight","hashBlake2128":"Weight","hashBlake2128PerByte":"Weight","rentParams":"Weight"}',
      ... 1093 more items
    },
    __internal__firstCallIndex: Uint8Array(2) [ 0, 0 ],
    __internal__hasher: [Function: blake2AsU8a],
    __internal__knownTypes: { provider: [WsProvider] },
    __internal__metadataVersion: 14,
    __internal__signedExtensions: [
      'CheckNonZeroSender',
      'CheckSpecVersion',
      'CheckTxVersion',
      'CheckGenesis',
      'CheckMortality',
      'CheckNonce',
      'CheckWeight',
      'ChargeTransactionPayment'
    ],
    __internal__unknownTypes: Map(0) {},
    __internal__metadataCalls: {
      '0': [Object],
      '1': [Getter],
      '3': [Getter],
      '4': [Getter],
      '6': [Getter],
      '55': [Getter],
      '56': [Getter]
    },
    __internal__metadataErrors: {
      '0': [Getter],
      '3': [Getter],
      '4': [Getter],
      '6': [Getter],
      '55': [Getter],
      '56': [Getter]
    },
    __internal__metadataEvents: {
      '0': [Getter],
      '3': [Getter],
      '4': [Getter],
      '5': [Getter],
      '6': [Getter],
      '55': [Getter],
      '56': [Getter]
    },
    __internal__moduleMap: {
      system: [Array],
      timestamp: [Array],
      grandpa: [Array],
      balances: [Array],
      sudo: [Array],
      template: [Array],
      smultisig: [Array]
    },
    __internal__registerObject: [Function (anonymous)],
    __internal__registerLookup: [Function (anonymous)],
    __internal__knownDefaults: {
      Json: [class Json extends Map],
      Metadata: [class Metadata extends MetadataVersioned],
      PortableRegistry: [class PortableRegistry extends Struct],
      Raw: [class Raw extends Uint8Array],
      GenericExtrinsic: [Function],
      GenericExtrinsicEra: [class GenericExtrinsicEra extends Enum],
      GenericImmortalEra: [class ImmortalEra extends Raw],
      GenericMortalEra: [class MortalEra extends Tuple],
      GenericExtrinsicPayload: [class GenericExtrinsicPayload extends AbstractBase],
      GenericExtrinsicPayloadUnknown: [class GenericExtrinsicPayloadUnknown extends Struct],
      GenericExtrinsicUnknown: [class GenericExtrinsicUnknown extends Struct],
      GenericSignerPayload: [class GenericSignerPayload extends Struct],
      GenericExtrinsicV4: [class GenericExtrinsicV4 extends Struct],
      GenericExtrinsicPayloadV4: [class GenericExtrinsicPayloadV4 extends Struct],
      GenericExtrinsicSignatureV4: [class GenericExtrinsicSignatureV4 extends Struct],
      GenericAccountId: [class GenericAccountId extends BaseAccountId],
      GenericAccountId32: [class GenericAccountId extends BaseAccountId],
      GenericAccountId33: [class GenericAccountId33 extends BaseAccountId],
      GenericAccountIndex: [class GenericAccountIndex extends u32],
      GenericBlock: [class GenericBlock extends Struct],
      GenericCall: [class GenericCall extends Struct],
      GenericChainProperties: [class GenericChainProperties extends Json],
      GenericConsensusEngineId: [class GenericConsensusEngineId extends U8aFixed],
      GenericEvent: [class GenericEvent extends Struct],
      GenericEventData: [class GenericEventData extends Tuple],
      GenericLookupSource: [class GenericLookupSource extends AbstractBase],
      GenericAddress: [class GenericMultiAddress extends Enum],
      GenericMultiAddress: [class GenericMultiAddress extends Enum],
      GenericVote: [class GenericVote extends U8aFixed],
      GenericEthereumAccountId: [class GenericEthereumAccountId extends U8aFixed],
      GenericEthereumLookupSource: [class GenericEthereumLookupSource extends AbstractBase],
      BitVec: [class BitVec extends Raw],
      Bool: [class bool extends Boolean],
      bool: [class bool extends Boolean],
      Bytes: [class Bytes extends Raw],
      F32: [Function: f32],
      f32: [Function: f32],
      F64: [Function: f64],
      f64: [Function: f64],
      I8: [Function: i8],
      i8: [Function: i8],
      I16: [Function: i16],
      i16: [Function: i16],
      I32: [Function: i32],
      i32: [Function: i32],
      I64: [Function: i64],
      i64: [Function: i64],
      I128: [Function: i128],
      i128: [Function: i128],
      I256: [Function: i256],
      i256: [Function: i256],
      ISize: [class isize extends i32],
      isize: [class isize extends i32],
      Null: [class Null],
      OptionBool: [class OptionBool extends Option],
      Text: [class Text extends String],
      Type: [class Type extends Text],
      U8: [Function: u8],
      u8: [Function: u8],
      U16: [Function: u16],
      u16: [Function: u16],
      U32: [Function: u32],
      u32: [Function: u32],
      U64: [Function: u64],
      u64: [Function: u64],
      U128: [Function: u128],
      u128: [Function: u128],
      U256: [Function: u256],
      u256: [Function: u256],
      USize: [class usize extends u32],
      usize: [class usize extends u32],
      Data: [class Data extends Enum],
      StorageKey: [class StorageKey extends Bytes]
    },
    __internal__knownDefaultsEntries: [
      [Array], [Array], [Array], [Array], [Array], [Array],
      [Array], [Array], [Array], [Array], [Array], [Array],
      [Array], [Array], [Array], [Array], [Array], [Array],
      [Array], [Array], [Array], [Array], [Array], [Array],
      [Array], [Array], [Array], [Array], [Array], [Array],
      [Array], [Array], [Array], [Array], [Array], [Array],
      [Array], [Array], [Array], [Array], [Array], [Array],
      [Array], [Array], [Array], [Array], [Array], [Array],
      [Array], [Array], [Array], [Array], [Array], [Array],
      [Array], [Array], [Array], [Array], [Array], [Array],
      [Array], [Array], [Array], [Array], [Array], [Array],
      [Array], [Array], [Array], [Array], [Array], [Array],
      [Array]
    ],
    __internal__knownDefinitions: {
      assets: [Getter],
      aura: [Getter],
      authorship: [Getter],
      babe: [Getter],
      balances: [Getter],
      beefy: [Getter],
      benchmark: [Getter],
      blockbuilder: [Getter],
      collective: [Getter],
      consensus: [Getter],
      contracts: [Getter],
      democracy: [Getter],
      dev: [Getter],
      discovery: [Getter],
      elections: [Getter],
      engine: [Getter],
      evm: [Getter],
      extrinsics: [Getter],
      fungibles: [Getter],
      genericAsset: [Getter],
      gilt: [Getter],
      grandpa: [Getter],
      identity: [Getter],
      imOnline: [Getter],
      lottery: [Getter],
      mmr: [Getter],
      nfts: [Getter],
      nompools: [Getter],
      offences: [Getter],
      pow: [Getter],
      proxy: [Getter],
      recovery: [Getter],
      scheduler: [Getter],
      session: [Getter],
      society: [Getter],
      staking: [Getter],
      support: [Getter],
      syncstate: [Getter],
      system: [Getter],
      treasury: [Getter],
      txpayment: [Getter],
      txqueue: [Getter],
      uniques: [Getter],
      utility: [Getter],
      vesting: [Getter],
      attestations: [Getter],
      bridges: [Getter],
      claims: [Getter],
      crowdloan: [Getter],
      cumulus: [Getter],
      finality: [Getter],
      parachains: [Getter],
      poll: [Getter],
      purchase: [Getter],
      xcm: [Getter],
      contractsAbi: [Getter],
      eth: [Getter],
      nimbus: [Getter],
      ormlOracle: [Getter],
      ormlTokens: [Getter],
      rpc: [Getter],
      author: [Getter],
      chain: [Getter],
      childstate: [Getter],
      offchain: [Getter],
      payment: [Getter],
      state: [Getter],
      metadata: [Getter],
      runtime: [Getter],
      scaleInfo: [Getter]
    },
    __internal__chainProperties: Type(3) [Map] {
      'ss58Format' => [Type],
      'tokenDecimals' => [Type],
      'tokenSymbol' => [Type],
      registry: [Circular *1]
    },
    __internal__metadata: Type(4) [Map] {
      'lookup' => [PortableRegistry [Map]],
      'pallets' => [Type],
      'extrinsic' => [Type [Map]],
      'type' => [Type],
      initialU8aLength: 0,
      registry: [Circular *1],
      __internal__jsonMap: Map(0) {},
      __internal__Types: [Array]
    },
    __internal__lookup: PortableRegistry(1) [Map] {
      'types' => [Type],
      initialU8aLength: 30429,
      registry: [Circular *1],
      __internal__jsonMap: Map(0) {},
      __internal__Types: [Array],
      __internal__typeDefs: [Object],
      __internal__alias: [Object],
      __internal__lookups: [Object],
      __internal__names: [Object],
      __internal__params: [Object],
      __internal__types: [Object]
    },
    __internal__userExtensions: {}
  },
  __internal__jsonMap: Map(0) {},
  __internal__Types: [ [ [Function: u32], [class Type] ], [ 'version', 'methods' ] ]
}
